# JRE version: OpenJDK Runtime Environment (16.0.2+7) (build 16.0.2+7-67)
# Java VM: OpenJDK 64-Bit Server VM (16.0.2+7-67, mixed mode, tiered, compressed oops, compressed class ptrs, g1 gc, windows-amd64)
GC Precious Log:
 CPUs: 4 total, 4 available
 Memory: 8107M
 Large Page Support: Disabled
 NUMA Support: Disabled
 Compressed Oops: Enabled (32-bit)
 Heap Region Size: 1M
 Heap Min Capacity: 8M
 Heap Initial Capacity: 128M
 Heap Max Capacity: 2028M
 Pre-touch: Disabled
 Parallel Workers: 4
 Concurrent Workers: 1
 Concurrent Refinement Workers: 4
 Periodic GC: Disabled
Heap:
 garbage-first heap   total 70656K, used 25902K [0x0000000081400000, 0x0000000100000000)
  region size 1024K, 5 young (5120K), 3 survivors (3072K)
 Metaspace       used 64112K, committed 64448K, reserved 1105920K
  class space    used 8045K, committed 8192K, reserved 1048576K
GC Heap History (20 events):
Event: 3.336 GC heap before
{Heap before GC invocations=7 (full 0):
 garbage-first heap   total 40960K, used 29221K [0x0000000081400000, 0x0000000100000000)
  region size 1024K, 21 young (21504K), 2 survivors (2048K)
 Metaspace       used 28968K, committed 29312K, reserved 1081344K
  class space    used 3259K, committed 3392K, reserved 1048576K
}
Event: 3.345 GC heap after
{Heap after GC invocations=8 (full 0):
 garbage-first heap   total 40960K, used 11152K [0x0000000081400000, 0x0000000100000000)
  region size 1024K, 3 young (3072K), 3 survivors (3072K)
 Metaspace       used 28968K, committed 29312K, reserved 1081344K
  class space    used 3259K, committed 3392K, reserved 1048576K
}
Event: 4.160 GC heap before
{Heap before GC invocations=8 (full 0):
 garbage-first heap   total 40960K, used 29584K [0x0000000081400000, 0x0000000100000000)
  region size 1024K, 21 young (21504K), 3 survivors (3072K)
 Metaspace       used 32899K, committed 33216K, reserved 1081344K
  class space    used 3790K, committed 3968K, reserved 1048576K
}
Event: 4.171 GC heap after
{Heap after GC invocations=9 (full 0):
 garbage-first heap   total 81920K, used 13226K [0x0000000081400000, 0x0000000100000000)
  region size 1024K, 3 young (3072K), 3 survivors (3072K)
 Metaspace       used 32899K, committed 33216K, reserved 1081344K
  class space    used 3790K, committed 3968K, reserved 1048576K
}
Event: 4.407 GC heap before
{Heap before GC invocations=9 (full 0):
 garbage-first heap   total 81920K, used 58282K [0x0000000081400000, 0x0000000100000000)
  region size 1024K, 48 young (49152K), 3 survivors (3072K)
 Metaspace       used 34476K, committed 34752K, reserved 1081344K
  class space    used 3942K, committed 4096K, reserved 1048576K
}
Event: 4.416 GC heap after
{Heap after GC invocations=10 (full 0):
 garbage-first heap   total 81920K, used 14083K [0x0000000081400000, 0x0000000100000000)
  region size 1024K, 4 young (4096K), 4 survivors (4096K)
 Metaspace       used 34476K, committed 34752K, reserved 1081344K
  class space    used 3942K, committed 4096K, reserved 1048576K
}
Event: 4.632 GC heap before
{Heap before GC invocations=10 (full 0):
 garbage-first heap   total 81920K, used 22275K [0x0000000081400000, 0x0000000100000000)
  region size 1024K, 13 young (13312K), 4 survivors (4096K)
 Metaspace       used 35498K, committed 35776K, reserved 1081344K
  class space    used 4090K, committed 4224K, reserved 1048576K
}
Event: 4.641 GC heap after
{Heap after GC invocations=11 (full 0):
 garbage-first heap   total 81920K, used 14623K [0x0000000081400000, 0x0000000100000000)
  region size 1024K, 4 young (4096K), 4 survivors (4096K)
 Metaspace       used 35498K, committed 35776K, reserved 1081344K
  class space    used 4090K, committed 4224K, reserved 1048576K
}
Event: 5.608 GC heap before
{Heap before GC invocations=12 (full 0):
 garbage-first heap   total 58368K, used 44319K [0x0000000081400000, 0x0000000100000000)
  region size 1024K, 34 young (34816K), 4 survivors (4096K)
 Metaspace       used 45103K, committed 45440K, reserved 1089536K
  class space    used 5212K, committed 5376K, reserved 1048576K
}
Event: 5.621 GC heap after
{Heap after GC invocations=13 (full 0):
 garbage-first heap   total 58368K, used 17924K [0x0000000081400000, 0x0000000100000000)
  region size 1024K, 5 young (5120K), 5 survivors (5120K)
 Metaspace       used 45103K, committed 45440K, reserved 1089536K
  class space    used 5212K, committed 5376K, reserved 1048576K
}
Event: 6.167 GC heap before
{Heap before GC invocations=14 (full 0):
 garbage-first heap   total 58368K, used 42500K [0x0000000081400000, 0x0000000100000000)
  region size 1024K, 29 young (29696K), 5 survivors (5120K)
 Metaspace       used 48342K, committed 48640K, reserved 1097728K
  class space    used 5808K, committed 5952K, reserved 1048576K
}
Event: 6.173 GC heap after
{Heap after GC invocations=15 (full 0):
 garbage-first heap   total 58368K, used 18929K [0x0000000081400000, 0x0000000100000000)
  region size 1024K, 2 young (2048K), 2 survivors (2048K)
 Metaspace       used 48342K, committed 48640K, reserved 1097728K
  class space    used 5808K, committed 5952K, reserved 1048576K
}
Event: 6.930 GC heap before
{Heap before GC invocations=15 (full 0):
 garbage-first heap   total 58368K, used 42481K [0x0000000081400000, 0x0000000100000000)
  region size 1024K, 26 young (26624K), 2 survivors (2048K)
 Metaspace       used 55157K, committed 55424K, reserved 1097728K
  class space    used 6854K, committed 6976K, reserved 1048576K
}
Event: 6.935 GC heap after
{Heap after GC invocations=16 (full 0):
 garbage-first heap   total 58368K, used 20068K [0x0000000081400000, 0x0000000100000000)
  region size 1024K, 3 young (3072K), 3 survivors (3072K)
 Metaspace       used 55157K, committed 55424K, reserved 1097728K
  class space    used 6854K, committed 6976K, reserved 1048576K
}
Event: 7.694 GC heap before
{Heap before GC invocations=16 (full 0):
 garbage-first heap   total 58368K, used 44644K [0x0000000081400000, 0x0000000100000000)
  region size 1024K, 27 young (27648K), 3 survivors (3072K)
 Metaspace       used 59971K, committed 60288K, reserved 1105920K
  class space    used 7503K, committed 7616K, reserved 1048576K
}
Event: 7.700 GC heap after
{Heap after GC invocations=17 (full 0):
 garbage-first heap   total 58368K, used 21857K [0x0000000081400000, 0x0000000100000000)
  region size 1024K, 4 young (4096K), 4 survivors (4096K)
 Metaspace       used 59971K, committed 60288K, reserved 1105920K
  class space    used 7503K, committed 7616K, reserved 1048576K
}
Event: 8.016 GC heap before
{Heap before GC invocations=17 (full 0):
 garbage-first heap   total 58368K, used 44385K [0x0000000081400000, 0x0000000100000000)
  region size 1024K, 26 young (26624K), 4 survivors (4096K)
 Metaspace       used 61357K, committed 61760K, reserved 1105920K
  class space    used 7690K, committed 7872K, reserved 1048576K
}
Event: 8.021 GC heap after
{Heap after GC invocations=18 (full 0):
 garbage-first heap   total 58368K, used 22701K [0x0000000081400000, 0x0000000100000000)
  region size 1024K, 3 young (3072K), 3 survivors (3072K)
 Metaspace       used 61357K, committed 61760K, reserved 1105920K
  class space    used 7690K, committed 7872K, reserved 1048576K
}
Event: 8.665 GC heap before
{Heap before GC invocations=18 (full 0):
 garbage-first heap   total 58368K, used 45229K [0x0000000081400000, 0x0000000100000000)
  region size 1024K, 25 young (25600K), 3 survivors (3072K)
 Metaspace       used 63706K, committed 64064K, reserved 1105920K
  class space    used 7999K, committed 8192K, reserved 1048576K
}
Event: 8.674 GC heap after
{Heap after GC invocations=19 (full 0):
 garbage-first heap   total 70656K, used 24878K [0x0000000081400000, 0x0000000100000000)
  region size 1024K, 3 young (3072K), 3 survivors (3072K)
 Metaspace       used 63706K, committed 64064K, reserved 1105920K
  class space    used 7999K, committed 8192K, reserved 1048576K
}

